<?xml version="1.0" encoding="UTF-8"?>
<testsuite xmlns:xsi="http://www.w3.org/2001/XMLSchema-instance" xsi:noNamespaceSchemaLocation="https://maven.apache.org/surefire/maven-surefire-plugin/xsd/surefire-test-report-3.0.xsd" version="3.0" name="com.thaopham.insurance.core.InsuranceClaimTest" time="0.297" tests="16" errors="0" skipped="0" failures="0">
  <properties>
[...]
</properties>
  <testcase name="testUpdateClaimAmount" classname="com.thaopham.insurance.core.InsuranceClaimTest" time="0.055"/>
  <testcase name="testUpdateClaimAmountInvalid" classname="com.thaopham.insurance.core.InsuranceClaimTest" time="0.002"/>
  <testcase name="testProcessClaimWhenNotPending" classname="com.thaopham.insurance.core.InsuranceClaimTest" time="0.002"/>
  <testcase name="testProcessClaimNullInput" classname="com.thaopham.insurance.core.InsuranceClaimTest" time="0.002"/>
  <testcase name="testCalculatePayoutVariousStatuses(String, double)[1]" classname="com.thaopham.insurance.core.InsuranceClaimTest" time="0.041"/>
  <testcase name="testCalculatePayoutVariousStatuses(String, double)[2]" classname="com.thaopham.insurance.core.InsuranceClaimTest" time="0.001"/>
  <testcase name="testCalculatePayoutVariousStatuses(String, double)[3]" classname="com.thaopham.insurance.core.InsuranceClaimTest" time="0.002"/>
  <testcase name="testProcessClaimWhenPending" classname="com.thaopham.insurance.core.InsuranceClaimTest" time="0.002"/>
  <testcase name="testCalculatePayoutApproved" classname="com.thaopham.insurance.core.InsuranceClaimTest" time="0.001"/>
  <testcase name="testCalculatePayoutNotApproved" classname="com.thaopham.insurance.core.InsuranceClaimTest" time="0.001"/>
  <testcase name="testUpdateClaimAmountAffectsPayout" classname="com.thaopham.insurance.core.InsuranceClaimTest" time="0.002"/>
  <testcase name="testConstructorInitializesValues" classname="com.thaopham.insurance.core.InsuranceClaimTest" time="0.001"/>
  <testcase name="testConstructorInvalidAmount" classname="com.thaopham.insurance.core.InsuranceClaimTest" time="0.001"/>
  <testcase name="testConstructorEmptyClaimId" classname="com.thaopham.insurance.core.InsuranceClaimTest" time="0.002"/>
  <testcase name="testConstructorNullClaimId" classname="com.thaopham.insurance.core.InsuranceClaimTest" time="0.001"/>
  <testcase name="testToStringFormat" classname="com.thaopham.insurance.core.InsuranceClaimTest" time="0.013"/>
</testsuite>